<?xml version="1.0" encoding="UTF-8"?>
<!-- Generated by org.testng.reporters.JUnitReportReporter -->
<testsuite hostname="TrangPC" name="testRnW.English8" tests="6" failures="0" timestamp="3 May 2016 01:40:06 GMT" time="233.835" errors="0">
  <testcase name="test_sachmem" time="37.005" classname="testRnW.English8"/>
  <testcase name="test_sachmem" time="35.217" classname="testRnW.English8"/>
  <testcase name="test_sachmem" time="50.471" classname="testRnW.English8"/>
  <testcase name="test_sachmem" time="37.296" classname="testRnW.English8"/>
  <testcase name="test_sachmem" time="35.835" classname="testRnW.English8"/>
  <testcase name="test_sachmem" time="38.011" classname="testRnW.English8"/>
</testsuite> <!-- testRnW.English8 -->
