<?xml version="1.0" encoding="UTF-8"?>
<!-- Generated by org.testng.reporters.JUnitReportReporter -->
<testsuite hostname="TrangPC" name="LookReadnWrite.English3" tests="1" failures="0" timestamp="2 May 2016 16:19:49 GMT" time="34.340" errors="0">
  <testcase name="test_sachmem" time="34.340" classname="LookReadnWrite.English3"/>
</testsuite> <!-- LookReadnWrite.English3 -->
