<?xml version="1.0" encoding="UTF-8"?>
<!-- Generated by org.testng.reporters.JUnitReportReporter -->
<testsuite hostname="TrangPC" name="testLnR.English8" tests="6" failures="0" timestamp="17 May 2016 15:54:25 GMT" time="361.268" errors="0">
  <testcase name="test_sachmem" time="56.304" classname="testLnR.English8"/>
  <testcase name="test_sachmem" time="58.366" classname="testLnR.English8"/>
  <testcase name="test_sachmem" time="58.822" classname="testLnR.English8"/>
  <testcase name="test_sachmem" time="67.922" classname="testLnR.English8"/>
  <testcase name="test_sachmem" time="51.197" classname="testLnR.English8"/>
  <testcase name="test_sachmem" time="68.657" classname="testLnR.English8"/>
</testsuite> <!-- testLnR.English8 -->
